SingleMotherVR/Temp/gradleOut/launcher/build/intermediates/manifest_merge_blame_file/release/manifest-merger-blame-release-report.txt
1<?xml version="1.0" encoding="utf-8"?>
2<!-- GENERATED BY UNITY. REMOVE THIS COMMENT TO PREVENT OVERWRITING WHEN EXPORTING AGAIN -->
3<manifest xmlns:android="http://schemas.android.com/apk/res/android"
4    package="com.cxlabs.singlemothervr"
5    android:installLocation="auto"
6    android:versionCode="1"
7    android:versionName="0.1" >
8
9    <uses-sdk
10        android:minSdkVersion="24"
10-->src\main\AndroidManifest.xml
11        android:targetSdkVersion="28" />
11-->src\main\AndroidManifest.xml
12
13    <supports-screens
13-->src\main\AndroidManifest.xml:4:3-163
14        android:anyDensity="true"
14-->src\main\AndroidManifest.xml:4:135-160
15        android:largeScreens="true"
15-->src\main\AndroidManifest.xml:4:78-105
16        android:normalScreens="true"
16-->src\main\AndroidManifest.xml:4:49-77
17        android:smallScreens="true"
17-->src\main\AndroidManifest.xml:4:21-48
18        android:xlargeScreens="true" />
18-->src\main\AndroidManifest.xml:4:106-134
19
20    <uses-feature android:glEsVersion="0x00030000" />
20-->[:unityLibrary] AndroidManifest.xml:14:5-54
20-->[:unityLibrary] AndroidManifest.xml:14:19-51
21
22    <supports-gl-texture android:name="GL_KHR_texture_compression_astc_ldr" />
22-->[:unityLibrary] AndroidManifest.xml:16:5-79
22-->[:unityLibrary] AndroidManifest.xml:16:26-76
23
24    <uses-permission android:name="android.permission.INTERNET" />
24-->[:unityLibrary] AndroidManifest.xml:18:5-67
24-->[:unityLibrary] AndroidManifest.xml:18:22-64
25    <uses-permission android:name="android.permission.RECORD_AUDIO" />
25-->[:unityLibrary] AndroidManifest.xml:19:5-71
25-->[:unityLibrary] AndroidManifest.xml:19:22-68
26    <uses-permission android:name="android.permission.MODIFY_AUDIO_SETTINGS" />
26-->[:unityLibrary] AndroidManifest.xml:20:5-80
26-->[:unityLibrary] AndroidManifest.xml:20:22-77
27    <uses-permission android:name="android.permission.BLUETOOTH" />
27-->[:unityLibrary] AndroidManifest.xml:21:5-68
27-->[:unityLibrary] AndroidManifest.xml:21:22-65
28
29    <uses-feature
29-->[:unityLibrary] AndroidManifest.xml:23:5-25:36
30        android:name="android.hardware.microphone"
30-->[:unityLibrary] AndroidManifest.xml:24:9-51
31        android:required="false" />
31-->[:unityLibrary] AndroidManifest.xml:25:9-33
32
33    <uses-permission android:name="android.permission.WRITE_EXTERNAL_STORAGE" />
33-->[:unityLibrary] AndroidManifest.xml:27:5-81
33-->[:unityLibrary] AndroidManifest.xml:27:22-78
34
35    <uses-feature
35-->[:unityLibrary] AndroidManifest.xml:29:5-31:36
36        android:name="android.hardware.touchscreen"
36-->[:unityLibrary] AndroidManifest.xml:30:9-52
37        android:required="false" />
37-->[:unityLibrary] AndroidManifest.xml:31:9-33
38    <uses-feature
38-->[:unityLibrary] AndroidManifest.xml:32:5-34:36
39        android:name="android.hardware.touchscreen.multitouch"
39-->[:unityLibrary] AndroidManifest.xml:33:9-63
40        android:required="false" />
40-->[:unityLibrary] AndroidManifest.xml:34:9-33
41    <uses-feature
41-->[:unityLibrary] AndroidManifest.xml:35:5-37:36
42        android:name="android.hardware.touchscreen.multitouch.distinct"
42-->[:unityLibrary] AndroidManifest.xml:36:9-72
43        android:required="false" />
43-->[:unityLibrary] AndroidManifest.xml:37:9-33
44    <uses-feature
44-->[:unityLibrary] AndroidManifest.xml:38:5-41:31
45        android:name="android.hardware.vr.headtracking"
45-->[:unityLibrary] AndroidManifest.xml:39:9-56
46        android:required="true"
46-->[:unityLibrary] AndroidManifest.xml:40:9-32
47        android:version="1" />
47-->[:unityLibrary] AndroidManifest.xml:41:9-28
48
49    <uses-permission android:name="android.permission.ACCESS_NETWORK_STATE" />
49-->[:UnityAds:] AndroidManifest.xml:11:5-79
49-->[:UnityAds:] AndroidManifest.xml:11:22-76
50
51    <application
51-->src\main\AndroidManifest.xml:5:3-116
52        android:allowBackup="false"
52-->[:unityLibrary] AndroidManifest.xml:44:9-36
53        android:extractNativeLibs="true"
53-->src\main\AndroidManifest.xml:5:16-48
54        android:icon="@mipmap/app_icon"
54-->src\main\AndroidManifest.xml:5:82-113
55        android:label="@string/app_name"
55-->src\main\AndroidManifest.xml:5:49-81
56        android:networkSecurityConfig="@xml/network_sec_config" >
56-->[:unityLibrary] AndroidManifest.xml:47:9-64
57        <activity
57-->[:unityLibrary] AndroidManifest.xml:48:9-69:20
58            android:name="com.unity3d.player.UnityPlayerActivity"
58-->[:unityLibrary] AndroidManifest.xml:49:13-66
59            android:configChanges="keyboard|keyboardHidden|navigation|orientation|screenLayout|screenSize|uiMode|density"
59-->[:unityLibrary] AndroidManifest.xml:50:13-122
60            android:hardwareAccelerated="false"
60-->[:unityLibrary] AndroidManifest.xml:51:13-48
61            android:launchMode="singleTask"
61-->[:unityLibrary] AndroidManifest.xml:52:13-44
62            android:resizeableActivity="false"
62-->[:unityLibrary] AndroidManifest.xml:53:13-47
63            android:screenOrientation="landscape"
63-->[:unityLibrary] AndroidManifest.xml:54:13-50
64            android:theme="@android:style/Theme.Black.NoTitleBar.Fullscreen" >
64-->[:unityLibrary] AndroidManifest.xml:55:13-77
65            <intent-filter>
65-->[:unityLibrary] AndroidManifest.xml:56:13-61:29
66                <action android:name="android.intent.action.MAIN" />
66-->[:unityLibrary] AndroidManifest.xml:57:17-69
66-->[:unityLibrary] AndroidManifest.xml:57:25-66
67
68                <category android:name="com.oculus.intent.category.VR" />
68-->[:unityLibrary] AndroidManifest.xml:59:17-74
68-->[:unityLibrary] AndroidManifest.xml:59:27-71
69                <category android:name="android.intent.category.INFO" />
69-->[:unityLibrary] AndroidManifest.xml:60:17-73
69-->[:unityLibrary] AndroidManifest.xml:60:27-70
70            </intent-filter>
71
72            <meta-data
72-->[:unityLibrary] AndroidManifest.xml:63:13-65:40
73                android:name="unityplayer.UnityActivity"
73-->[:unityLibrary] AndroidManifest.xml:64:17-57
74                android:value="true" />
74-->[:unityLibrary] AndroidManifest.xml:65:17-37
75            <meta-data
75-->[:unityLibrary] AndroidManifest.xml:66:13-68:40
76                android:name="com.oculus.vr.focusaware"
76-->[:unityLibrary] AndroidManifest.xml:67:17-56
77                android:value="true" />
77-->[:unityLibrary] AndroidManifest.xml:68:17-37
78        </activity>
79
80        <meta-data
80-->[:unityLibrary] AndroidManifest.xml:71:9-73:33
81            android:name="unity.splash-mode"
81-->[:unityLibrary] AndroidManifest.xml:72:13-45
82            android:value="0" />
82-->[:unityLibrary] AndroidManifest.xml:73:13-30
83        <meta-data
83-->[:unityLibrary] AndroidManifest.xml:74:9-76:36
84            android:name="unity.splash-enable"
84-->[:unityLibrary] AndroidManifest.xml:75:13-47
85            android:value="True" />
85-->[:unityLibrary] AndroidManifest.xml:76:13-33
86        <meta-data
86-->[:unityLibrary] AndroidManifest.xml:77:9-79:68
87            android:name="unity.build-id"
87-->[:unityLibrary] AndroidManifest.xml:78:13-42
88            android:value="e4ef5127-f1a9-4b8c-a627-7eb47663875d" />
88-->[:unityLibrary] AndroidManifest.xml:79:13-65
89        <meta-data
89-->[:unityLibrary] AndroidManifest.xml:80:9-82:39
90            android:name="com.samsung.android.vr.application.mode"
90-->[:unityLibrary] AndroidManifest.xml:81:13-67
91            android:value="vr_only" />
91-->[:unityLibrary] AndroidManifest.xml:82:13-36
92        <meta-data
92-->[:unityLibrary] AndroidManifest.xml:83:9-85:37
93            android:name="com.unity.xr.oculus.LowOverheadMode"
93-->[:unityLibrary] AndroidManifest.xml:84:13-63
94            android:value="false" />
94-->[:unityLibrary] AndroidManifest.xml:85:13-34
95        <meta-data
95-->[:unityLibrary] AndroidManifest.xml:86:9-88:44
96            android:name="com.oculus.supportedDevices"
96-->[:unityLibrary] AndroidManifest.xml:87:13-55
97            android:value="quest|delmar" />
97-->[:unityLibrary] AndroidManifest.xml:88:13-41
98
99        <activity
99-->[:UnityAds:] AndroidManifest.xml:15:9-19:74
100            android:name="com.unity3d.services.ads.adunit.AdUnitActivity"
100-->[:UnityAds:] AndroidManifest.xml:16:13-74
101            android:configChanges="fontScale|keyboard|keyboardHidden|locale|mnc|mcc|navigation|orientation|screenLayout|screenSize|smallestScreenSize|uiMode|touchscreen"
101-->[:UnityAds:] AndroidManifest.xml:17:13-170
102            android:hardwareAccelerated="true"
102-->[:UnityAds:] AndroidManifest.xml:18:13-47
103            android:theme="@android:style/Theme.NoTitleBar.Fullscreen" />
103-->[:UnityAds:] AndroidManifest.xml:19:13-71
104        <activity
104-->[:UnityAds:] AndroidManifest.xml:20:9-24:86
105            android:name="com.unity3d.services.ads.adunit.AdUnitTransparentActivity"
105-->[:UnityAds:] AndroidManifest.xml:21:13-85
106            android:configChanges="fontScale|keyboard|keyboardHidden|locale|mnc|mcc|navigation|orientation|screenLayout|screenSize|smallestScreenSize|uiMode|touchscreen"
106-->[:UnityAds:] AndroidManifest.xml:22:13-170
107            android:hardwareAccelerated="true"
107-->[:UnityAds:] AndroidManifest.xml:23:13-47
108            android:theme="@android:style/Theme.Translucent.NoTitleBar.Fullscreen" />
108-->[:UnityAds:] AndroidManifest.xml:24:13-83
109        <activity
109-->[:UnityAds:] AndroidManifest.xml:25:9-29:86
110            android:name="com.unity3d.services.ads.adunit.AdUnitTransparentSoftwareActivity"
110-->[:UnityAds:] AndroidManifest.xml:26:13-93
111            android:configChanges="fontScale|keyboard|keyboardHidden|locale|mnc|mcc|navigation|orientation|screenLayout|screenSize|smallestScreenSize|uiMode|touchscreen"
111-->[:UnityAds:] AndroidManifest.xml:27:13-170
112            android:hardwareAccelerated="false"
112-->[:UnityAds:] AndroidManifest.xml:28:13-48
113            android:theme="@android:style/Theme.Translucent.NoTitleBar.Fullscreen" />
113-->[:UnityAds:] AndroidManifest.xml:29:13-83
114        <activity
114-->[:UnityAds:] AndroidManifest.xml:30:9-34:74
115            android:name="com.unity3d.services.ads.adunit.AdUnitSoftwareActivity"
115-->[:UnityAds:] AndroidManifest.xml:31:13-82
116            android:configChanges="fontScale|keyboard|keyboardHidden|locale|mnc|mcc|navigation|orientation|screenLayout|screenSize|smallestScreenSize|uiMode|touchscreen"
116-->[:UnityAds:] AndroidManifest.xml:32:13-170
117            android:hardwareAccelerated="false"
117-->[:UnityAds:] AndroidManifest.xml:33:13-48
118            android:theme="@android:style/Theme.NoTitleBar.Fullscreen" />
118-->[:UnityAds:] AndroidManifest.xml:34:13-71
119    </application>
120
121</manifest>